<?xml version="1.0" encoding="UTF-8"?>
<!-- Generated by org.testng.reporters.JUnitReportReporter -->
<testsuite hostname="JCS" failures="0" tests="1" name="com.OrangeHRM.TestCases.TC_UpdatePIMTest_003" time="18.966" errors="0" timestamp="2024-03-12T20:49:44 IST" skipped="0">
  <testcase classname="com.OrangeHRM.TestCases.TC_UpdatePIMTest_003" name="UpdatePIMTest_003" time="18.966"/>
  <system-out/>
</testsuite> <!-- com.OrangeHRM.TestCases.TC_UpdatePIMTest_003 -->
