<?xml version="1.0" encoding="UTF-8"?>
<!-- Generated by org.testng.reporters.JUnitReportReporter -->
<testsuite hostname="JCS" failures="0" tests="1" name="com.OrangeHRM.TestCases.TC_CreatePIMTest_002" time="17.885" errors="0" timestamp="2024-03-13T10:51:26 IST" skipped="0">
  <testcase classname="com.OrangeHRM.TestCases.TC_CreatePIMTest_002" name="CreatePIMTest" time="17.885"/>
  <system-out/>
</testsuite> <!-- com.OrangeHRM.TestCases.TC_CreatePIMTest_002 -->
